[2020-05-11T17:25:06.162] [DEBUG] cheese - login => username:admin,password:123456
[2020-05-11T17:25:06.165] [DEBUG] cheese - admin
[2020-05-11T17:25:06.178] [DEBUG] cheese - null
[2020-05-11T17:25:06.179] [DEBUG] cheese - null
[2020-05-11T17:25:20.786] [DEBUG] cheese - login => username:admin,password:123456
[2020-05-11T17:25:20.786] [DEBUG] cheese - admin
[2020-05-11T17:25:20.795] [DEBUG] cheese - null
[2020-05-11T17:25:20.795] [DEBUG] cheese - null
[2020-05-11T21:02:50.473] [DEBUG] cheese - login => username:admin,password:123456
[2020-05-11T21:02:50.474] [DEBUG] cheese - admin
[2020-05-11T21:02:50.479] [DEBUG] cheese - null
[2020-05-11T21:02:50.479] [DEBUG] cheese - null
[2020-05-13T15:06:35.046] [DEBUG] cheese - login => username:admin,password:123456
[2020-05-13T15:06:35.051] [DEBUG] cheese - admin
[2020-05-13T15:06:35.076] [DEBUG] cheese - null
[2020-05-13T15:06:35.077] [DEBUG] cheese - null
[2020-05-13T15:13:48.198] [DEBUG] cheese - login => username:123456,password:123456
[2020-05-13T15:13:48.198] [DEBUG] cheese - 123456
[2020-05-13T15:13:48.202] [DEBUG] cheese - null
[2020-05-13T15:13:48.202] [DEBUG] cheese - null
[2020-05-13T15:13:56.060] [DEBUG] cheese - login => username:123456,password:123456
[2020-05-13T15:13:56.060] [DEBUG] cheese - 123456
[2020-05-13T15:13:56.064] [DEBUG] cheese - null
[2020-05-13T15:13:56.064] [DEBUG] cheese - null
[2020-05-13T15:13:59.602] [DEBUG] cheese - login => username:admin,password:123456
[2020-05-13T15:13:59.602] [DEBUG] cheese - admin
[2020-05-13T15:13:59.607] [DEBUG] cheese - null
[2020-05-13T15:13:59.607] [DEBUG] cheese - null
[2020-05-13T15:15:33.254] [DEBUG] cheese - login => username:123456,password:123456
[2020-05-13T15:15:33.254] [DEBUG] cheese - 123456
[2020-05-13T15:15:33.258] [DEBUG] cheese - null
[2020-05-13T15:15:33.259] [DEBUG] cheese - null
[2020-05-13T15:15:46.460] [DEBUG] cheese - login => username:admin,password:123456
[2020-05-13T15:15:46.460] [DEBUG] cheese - admin
[2020-05-13T15:15:46.464] [DEBUG] cheese - null
[2020-05-13T15:15:46.464] [DEBUG] cheese - null
